<?xml version="1.0" encoding="UTF-8"?>
<!-- Generated by org.testng.reporters.JUnitXMLReporter -->
<testsuite ignored="0" hostname="LAPTOP-RRO4KGR3" failures="0" tests="3" name="Login Test" time="9.694" errors="0" timestamp="09 Mar 2021 05:10:17 GMT">
  <testcase classname="com.hybird.suitea.LoginTest" name="loginTest" time="6.951"/>
  <testcase classname="com.hybird.suitea.LoginTest" name="loginTest" time="0.002">
    <skipped/>
  </testcase> <!-- loginTest -->
  <testcase classname="com.hybird.suitea.LoginTest" name="loginTest" time="0.003">
    <skipped/>
  </testcase> <!-- loginTest -->
</testsuite> <!-- Login Test -->
