<?xml version="1.0" encoding="UTF-8"?>
<!-- Generated by org.testng.reporters.JUnitXMLReporter -->
<testsuite ignored="0" hostname="LAPTOP-RRO4KGR3" failures="0" tests="2" name="Test B" time="0.102" errors="0" timestamp="09 Mar 2021 05:10:17 GMT">
  <testcase classname="com.hybird.suitea.TestB" name="loginTest" time="0.003">
    <skipped/>
  </testcase> <!-- loginTest -->
  <testcase classname="com.hybird.suitea.TestB" name="loginTest" time="0.004">
    <skipped/>
  </testcase> <!-- loginTest -->
</testsuite> <!-- Test B -->
